Determining if the pthread_create exist failed with the following output:
Change Dir: /home/zf/xuechong_ws/zhuifengShow0919/build/CMakeFiles/CMakeTmp

Run Build Command:"/usr/bin/make" "cmTC_9dc3e/fast"
/usr/bin/make -f CMakeFiles/cmTC_9dc3e.dir/build.make CMakeFiles/cmTC_9dc3e.dir/build
make[1]: Entering directory '/home/zf/xuechong_ws/zhuifengShow0919/build/CMakeFiles/CMakeTmp'
Building C object CMakeFiles/cmTC_9dc3e.dir/CheckSymbolExists.c.o
/usr/bin/cc     -o CMakeFiles/cmTC_9dc3e.dir/CheckSymbolExists.c.o   -c /home/zf/xuechong_ws/zhuifengShow0919/build/CMakeFiles/CMakeTmp/CheckSymbolExists.c
Linking C executable cmTC_9dc3e
/usr/bin/cmake -E cmake_link_script CMakeFiles/cmTC_9dc3e.dir/link.txt --verbose=1
/usr/bin/cc       CMakeFiles/cmTC_9dc3e.dir/CheckSymbolExists.c.o  -o cmTC_9dc3e -rdynamic 
CMakeFiles/cmTC_9dc3e.dir/CheckSymbolExists.c.o: In function `main':
CheckSymbolExists.c:(.text+0x16): undefined reference to `pthread_create'
collect2: error: ld returned 1 exit status
CMakeFiles/cmTC_9dc3e.dir/build.make:97: recipe for target 'cmTC_9dc3e' failed
make[1]: *** [cmTC_9dc3e] Error 1
make[1]: Leaving directory '/home/zf/xuechong_ws/zhuifengShow0919/build/CMakeFiles/CMakeTmp'
Makefile:126: recipe for target 'cmTC_9dc3e/fast' failed
make: *** [cmTC_9dc3e/fast] Error 2

File /home/zf/xuechong_ws/zhuifengShow0919/build/CMakeFiles/CMakeTmp/CheckSymbolExists.c:
/* */
#include <pthread.h>

int main(int argc, char** argv)
{
  (void)argv;
#ifndef pthread_create
  return ((int*)(&pthread_create))[argc];
#else
  (void)argc;
  return 0;
#endif
}

Determining if the function pthread_create exists in the pthreads failed with the following output:
Change Dir: /home/zf/xuechong_ws/zhuifengShow0919/build/CMakeFiles/CMakeTmp

Run Build Command:"/usr/bin/make" "cmTC_f8cfd/fast"
/usr/bin/make -f CMakeFiles/cmTC_f8cfd.dir/build.make CMakeFiles/cmTC_f8cfd.dir/build
make[1]: Entering directory '/home/zf/xuechong_ws/zhuifengShow0919/build/CMakeFiles/CMakeTmp'
Building C object CMakeFiles/cmTC_f8cfd.dir/CheckFunctionExists.c.o
/usr/bin/cc    -DCHECK_FUNCTION_EXISTS=pthread_create   -o CMakeFiles/cmTC_f8cfd.dir/CheckFunctionExists.c.o   -c /usr/share/cmake-3.5/Modules/CheckFunctionExists.c
Linking C executable cmTC_f8cfd
/usr/bin/cmake -E cmake_link_script CMakeFiles/cmTC_f8cfd.dir/link.txt --verbose=1
/usr/bin/cc   -DCHECK_FUNCTION_EXISTS=pthread_create    CMakeFiles/cmTC_f8cfd.dir/CheckFunctionExists.c.o  -o cmTC_f8cfd -rdynamic -lpthreads 
/usr/bin/ld: cannot find -lpthreads
collect2: error: ld returned 1 exit status
CMakeFiles/cmTC_f8cfd.dir/build.make:97: recipe for target 'cmTC_f8cfd' failed
make[1]: *** [cmTC_f8cfd] Error 1
make[1]: Leaving directory '/home/zf/xuechong_ws/zhuifengShow0919/build/CMakeFiles/CMakeTmp'
Makefile:126: recipe for target 'cmTC_f8cfd/fast' failed
make: *** [cmTC_f8cfd/fast] Error 2


